[2024/09/25 19:28:57]: §9          __             _       
[2024/09/25 19:28:57]: §9  _ __   / /  ___   __ _(_)_ __  
[2024/09/25 19:28:57]: §9 | '_ \ / /  / _ \ / _` | | '_ \ 
[2024/09/25 19:28:57]: §9 | | | / /__| (_) | (_| | | | | |
[2024/09/25 19:28:57]: §9 |_| |_\____/\___/ \__, |_|_| |_|
[2024/09/25 19:28:57]: §9                  |___/            
[2024/09/25 19:28:57]: §9 By: www.nickuc.com - V 10.3.27
[2024/09/25 19:28:57]: §9 
[2024/09/25 19:28:57]: §3[nLogin] [DEBUG] All settings were loaded in 444 ms.
[2024/09/25 19:28:57]: §3[nLogin] [DEBUG] Loading the messages_en.yml message file...
[2024/09/25 19:28:57]: §3[nLogin] [DEBUG] All plugin messages were loaded in 76 ms (languageByClient=false).
[2024/09/25 19:28:57]: §3[nLogin] [DEBUG] All proxy settings were loaded in 6 ms.
[2024/09/25 19:28:57]: §3[nLogin] [DEBUG] Loading database...
[2024/09/25 19:28:58]: §3[nLogin] [DEBUG] Starting logger filter...
[2024/09/25 19:29:03]: 
[2024/09/25 19:29:03]:  §bThank you so much for choosing nLogin! §4<3
[2024/09/25 19:29:03]: 
[2024/09/25 19:29:03]:  §4For your safety, please read the message below:
[2024/09/25 19:29:03]:   §cNever download nLogin from unknown sources.
[2024/09/25 19:29:03]:   §cA modified version may contain malicious software.
[2024/09/25 19:29:03]: 
[2024/09/25 19:29:03]:  §3Trusted sources:
[2024/09/25 19:29:03]:   §bwww.nickuc.com
[2024/09/25 19:29:03]:   §bwww.github.com/nickuc
[2024/09/25 19:29:03]:   §bOpeNLogin installer (from Spigot or GitHub)
[2024/09/25 19:29:03]: 
[2024/09/25 19:29:03]:  §3Official support channels:
[2024/09/25 19:29:03]:   §bDiscord group: §fwww.nickuc.com/discord
[2024/09/25 19:29:03]:   §bDocumentation: §fdocs.nickuc.com/nlogin/
[2024/09/25 19:29:03]:   §bEmail: §fsupport@nickuc.com
[2024/09/25 19:29:03]:   §bYouTube: §fyoutube.com/nickuc
[2024/09/25 19:29:03]: 
[2024/09/25 19:29:03]:  §eTo remove this warning, log in with "nlogin.admin" permission on the server
[2024/09/25 19:29:03]:  §eand click the "Setup plugin" button to configure your plugin.
[2024/09/25 19:29:03]: 
[2024/09/25 19:30:04]: §3[nLogin] [DEBUG] [SQLite] [UPDATE]: "INSERT INTO `nlogin` (`last_name`, `unique_id`, `mojang_id`, `bedrock_id`, `password`, `last_ip`, `creation_date`, `last_seen`, `email`, `discord`, `settings`) VALUES ('N3uh', 7a058c1158ba3bfe9225adf6495c509d, null, null, '$2a$10$iyW0MDf25rZuRoQ3kxFRTuonoIPFM6a1.61q2MTgEGylcav.gTRk2', '0:0:0:0:0:0:0:1%0', '2024-09-25 19:30:04.568', '2024-09-25 19:30:04.568', null, null, null)" (applied to all columns)
[2024/09/25 19:30:04]: [nLogin] The user N3uh has successfully registered.
[2024/09/25 19:31:53]: §3[nLogin] [DEBUG] [SQLite] [UPDATE]: "UPDATE `nlogin` SET `last_name` = 'N3uh', `unique_id` = 7a058c1158ba3bfe9225adf6495c509d,  `mojang_id` = null,  `bedrock_id` = null,  `password` = '$2a$10$iyW0MDf25rZuRoQ3kxFRTuonoIPFM6a1.61q2MTgEGylcav.gTRk2', `last_ip` = '0:0:0:0:0:0:0:1%0', `creation_date` = 2024-09-25 19:30:04.568, `last_seen` = 2024-09-25 19:31:53.486, `email` = null, `discord` = null, `settings` = '{"settings":[{"value":"survival","key":"last-server"},{"value":"en","key":"language"}],"version":0}' WHERE `ai` = 3" (applied to [last_seen, settings] columns)
[2024/09/25 19:32:53]: §3[nLogin] [DEBUG] [SQLite] [UPDATE]: "UPDATE `nlogin` SET `last_name` = 'N3uh', `unique_id` = 7a058c1158ba3bfe9225adf6495c509d,  `mojang_id` = null,  `bedrock_id` = null,  `password` = '$2a$10$iyW0MDf25rZuRoQ3kxFRTuonoIPFM6a1.61q2MTgEGylcav.gTRk2', `last_ip` = '0:0:0:0:0:0:0:1%0', `creation_date` = 2024-09-25 19:30:04.568, `last_seen` = 2024-09-25 19:32:53.703, `email` = null, `discord` = null, `settings` = '{"settings":[{"value":"survival","key":"last-server"},{"value":"en","key":"language"}],"version":0}' WHERE `ai` = 3" (applied to [last_ip, last_seen, settings] columns)
[2024/09/25 19:32:53]: [nLogin] The user N3uh has successfully logged in.
