[2024/09/23 19:55:09]: §9          __             _       
[2024/09/23 19:55:09]: §9  _ __   / /  ___   __ _(_)_ __  
[2024/09/23 19:55:09]: §9 | '_ \ / /  / _ \ / _` | | '_ \ 
[2024/09/23 19:55:09]: §9 | | | / /__| (_) | (_| | | | | |
[2024/09/23 19:55:09]: §9 |_| |_\____/\___/ \__, |_|_| |_|
[2024/09/23 19:55:09]: §9                  |___/            
[2024/09/23 19:55:09]: §9 By: www.nickuc.com - V 10.3.27
[2024/09/23 19:55:09]: §9 
[2024/09/23 19:55:09]: §3[nLogin] [DEBUG] All settings were loaded in 147 ms.
[2024/09/23 19:55:09]: §3[nLogin] [DEBUG] Loading the messages_en.yml message file...
[2024/09/23 19:55:09]: §3[nLogin] [DEBUG] All plugin messages were loaded in 64 ms (languageByClient=false).
[2024/09/23 19:55:09]: §3[nLogin] [DEBUG] All proxy settings were loaded in 6 ms.
[2024/09/23 19:55:09]: §3[nLogin] [DEBUG] Loading database...
[2024/09/23 19:55:10]: §3[nLogin] [DEBUG] Starting logger filter...
[2024/09/23 19:55:15]: 
[2024/09/23 19:55:15]:  §bThank you so much for choosing nLogin! §4<3
[2024/09/23 19:55:15]: 
[2024/09/23 19:55:15]:  §4For your safety, please read the message below:
[2024/09/23 19:55:15]:   §cNever download nLogin from unknown sources.
[2024/09/23 19:55:15]:   §cA modified version may contain malicious software.
[2024/09/23 19:55:15]: 
[2024/09/23 19:55:15]:  §3Trusted sources:
[2024/09/23 19:55:15]:   §bwww.nickuc.com
[2024/09/23 19:55:15]:   §bwww.github.com/nickuc
[2024/09/23 19:55:15]:   §bOpeNLogin installer (from Spigot or GitHub)
[2024/09/23 19:55:15]: 
[2024/09/23 19:55:15]:  §3Official support channels:
[2024/09/23 19:55:15]:   §bDiscord group: §fwww.nickuc.com/discord
[2024/09/23 19:55:15]:   §bDocumentation: §fdocs.nickuc.com/nlogin/
[2024/09/23 19:55:15]:   §bEmail: §fsupport@nickuc.com
[2024/09/23 19:55:15]:   §bYouTube: §fyoutube.com/nickuc
[2024/09/23 19:55:15]: 
[2024/09/23 19:55:15]:  §eTo remove this warning, log in with "nlogin.admin" permission on the server
[2024/09/23 19:55:15]:  §eand click the "Setup plugin" button to configure your plugin.
[2024/09/23 19:55:15]: 
[2024/09/23 20:00:43]: §3[nLogin] [DEBUG] [SQLite] [UPDATE]: "INSERT INTO `nlogin` (`last_name`, `unique_id`, `mojang_id`, `bedrock_id`, `password`, `last_ip`, `creation_date`, `last_seen`, `email`, `discord`, `settings`) VALUES ('3MORA_', fc7f449255323868a0d36f332022642f, null, null, '$2a$10$RT7EcE6iy3dhIMo.ymAo1.UbP0mSxPWp7kFpIA.0B1XLQ3J58T0ry', '0:0:0:0:0:0:0:1%0', '2024-09-23 20:00:43.152', '2024-09-23 20:00:43.152', null, null, null)" (applied to all columns)
[2024/09/23 20:00:43]: [nLogin] The user 3MORA_ has successfully registered.
[2024/09/23 20:00:47]: §3[nLogin] [DEBUG] [SQLite] [UPDATE]: "UPDATE `nlogin` SET `last_name` = '3MORA_', `unique_id` = fc7f449255323868a0d36f332022642f,  `mojang_id` = null,  `bedrock_id` = null,  `password` = '$2a$10$RT7EcE6iy3dhIMo.ymAo1.UbP0mSxPWp7kFpIA.0B1XLQ3J58T0ry', `last_ip` = '0:0:0:0:0:0:0:1%0', `creation_date` = 2024-09-23 20:00:43.152, `last_seen` = 2024-09-23 20:00:47.763, `email` = null, `discord` = null, `settings` = '{"settings":[{"value":"survival","key":"last-server"},{"value":"en","key":"language"}],"version":0}' WHERE `ai` = 2" (applied to [last_seen, settings] columns)
